#
# There is insufficient memory for the Java Runtime Environment to continue.
# Native memory allocation (mmap) failed to map 264241152 bytes for G1 virtual space
# Possible reasons:
#   The system is out of physical RAM or swap space
#   The process is running with CompressedOops enabled, and the Java Heap may be blocking the growth of the native heap
# Possible solutions:
#   Reduce memory load on the system
#   Increase physical memory or swap space
#   Check if swap backing store is full
#   Decrease Java heap size (-Xmx/-Xms)
#   Decrease number of Java threads
#   Decrease Java thread stack sizes (-Xss)
#   Set larger code cache with -XX:ReservedCodeCacheSize=
#   JVM is running with Zero Based Compressed Oops mode in which the Java heap is
#     placed in the first 32GB address space. The Java Heap base address is the
#     maximum limit for the native heap growth. Please use -XX:HeapBaseMinAddress
#     to set the Java Heap base and to place the Java Heap above 32GB virtual address.
# This output file may be truncated or incomplete.
#
#  Out of Memory Error (os_windows.cpp:3530), pid=31216, tid=7616
#
# JRE version:  (18.0.2.1+1) (build )
# Java VM: Java HotSpot(TM) 64-Bit Server VM (18.0.2.1+1-1, mixed mode, sharing, tiered, compressed oops, compressed class ptrs, g1 gc, windows-amd64)
# No core dump will be written. Minidumps are not enabled by default on client versions of Windows
#

---------------  S U M M A R Y ------------

Command Line: -Dfile.encoding=UTF-8 --module-path=C:\Users\yashh\OneDrive\Desktop\ATM2\build\classes atm2.Login

Host: 11th Gen Intel(R) Core(TM) i5-11300H @ 3.10GHz, 8 cores, 15G,  Windows 10 , 64 bit Build 19041 (10.0.19041.1889)
Time: Wed Oct 26 22:38:05 2022 India Standard Time elapsed time: 0.010151 seconds (0d 0h 0m 0s)

---------------  T H R E A D  ---------------

Current thread (0x000001ac99f1d9e0):  JavaThread "Unknown thread" [_thread_in_vm, id=7616, stack(0x0000009c2c500000,0x0000009c2c600000)]

Stack: [0x0000009c2c500000,0x0000009c2c600000]
Native frames: (J=compiled Java code, j=interpreted, Vv=VM code, C=native code)
V  [jvm.dll+0x6993aa]
V  [jvm.dll+0x7f46dd]
V  [jvm.dll+0x7f5fee]
V  [jvm.dll+0x7f66a3]
V  [jvm.dll+0x25cf1f]
V  [jvm.dll+0x6962f9]
V  [jvm.dll+0x68ae2a]
V  [jvm.dll+0x32255b]
V  [jvm.dll+0x329f36]
V  [jvm.dll+0x37eade]
V  [jvm.dll+0x37ed0f]
V  [jvm.dll+0x2fa2da]
V  [jvm.dll+0x2fb33d]
V  [jvm.dll+0x7c3310]
V  [jvm.dll+0x38be61]
V  [jvm.dll+0x7a2023]
V  [jvm.dll+0x40dc3f]
V  [jvm.dll+0x40f611]
C  [jli.dll+0x526b]
C  [ucrtbase.dll+0x21bb2]
C  [KERNEL32.DLL+0x17034]
C  [ntdll.dll+0x526a1]


---------------  P R O C E S S  ---------------

Threads class SMR info:
_java_thread_list=0x00007ffdff66e550, length=0, elements={
}

Java Threads: ( => current thread )

Other Threads:
  0x000001ac99f8d400 WorkerThread "GC Thread#0" [stack: 0x0000009c2c600000,0x0000009c2c700000] [id=17428]
  0x000001ac99f9df30 ConcurrentGCThread "G1 Main Marker" [stack: 0x0000009c2c700000,0x0000009c2c800000] [id=19880]
  0x000001ac99f9f930 WorkerThread "G1 Conc#0" [stack: 0x0000009c2c800000,0x0000009c2c900000] [id=14100]

[error occurred during error reporting (printing all threads), id 0xc0000005, EXCEPTION_ACCESS_VIOLATION (0xc0000005) at pc=0x00007ffdfee9a877]

VM state: not at safepoint (not fully initialized)

VM Mutex/Monitor currently owned by a thread:  ([mutex/lock_event])
[0x000001ac99f1a2e0] Heap_lock - owner thread: 0x000001ac99f1d9e0

Heap address: 0x0000000704000000, size: 4032 MB, Compressed Oops mode: Zero based, Oop shift amount: 3

CDS archive(s) mapped at: [0x0000000000000000-0x0000000000000000-0x0000000000000000), size 0, SharedBaseAddress: 0x0000000800000000, ArchiveRelocationMode: 0.
Narrow klass base: 0x0000000000000000, Narrow klass shift: 0, Narrow klass range: 0x0

GC Precious Log:
 CardTable entry size: 512
 Card Set container configuration: InlinePtr #cards 4 size 8 Array Of Cards #cards 16 size 48 Howl #buckets 8 coarsen threshold 3686 Howl Bitmap #cards 512 size 80 coarsen threshold 460 Card regions per heap region 1 cards per card region 4096

Heap:
 garbage-first heap   total 0K, used 0K [0x0000000704000000, 0x0000000800000000)
  region size 2048K, 0 young (0K), 0 survivors (0K)

[error occurred during error reporting (printing heap information), id 0xc0000005, EXCEPTION_ACCESS_VIOLATION (0xc0000005) at pc=0x00007ffdff281839]

GC Heap History (0 events):
No events

Deoptimization events (0 events):
No events

Classes loaded (0 events):
No events

Classes unloaded (0 events):
No events

Classes redefined (0 events):
No events

Internal exceptions (0 events):
No events

VM Operations (0 events):
No events

Events (1 events):
Event: 0.006 Loaded shared library C:\Program Files\Java\jdk-18.0.2.1\bin\java.dll


Dynamic libraries:
0x00007ff66ed00000 - 0x00007ff66ed10000 	C:\Program Files\Java\jdk-18.0.2.1\bin\java.exe
0x00007ffe96df0000 - 0x00007ffe96fe8000 	C:\Windows\SYSTEM32\ntdll.dll
0x00007ffe95990000 - 0x00007ffe95a4d000 	C:\Windows\System32\KERNEL32.DLL
0x00007ffe948a0000 - 0x00007ffe94b72000 	C:\Windows\System32\KERNELBASE.dll
0x00007ffe946e0000 - 0x00007ffe947e0000 	C:\Windows\System32\ucrtbase.dll
0x00007ffe8e040000 - 0x00007ffe8e05a000 	C:\Program Files\Java\jdk-18.0.2.1\bin\VCRUNTIME140.dll
0x00007ffe879c0000 - 0x00007ffe879d8000 	C:\Program Files\Java\jdk-18.0.2.1\bin\jli.dll
0x00007ffe96270000 - 0x00007ffe9631e000 	C:\Windows\System32\ADVAPI32.dll
0x00007ffe96980000 - 0x00007ffe96a1e000 	C:\Windows\System32\msvcrt.dll
0x00007ffe96760000 - 0x00007ffe967fc000 	C:\Windows\System32\sechost.dll
0x00007ffe95a60000 - 0x00007ffe95b85000 	C:\Windows\System32\RPCRT4.dll
0x00007ffe955f0000 - 0x00007ffe9578d000 	C:\Windows\System32\USER32.dll
0x00007ffe94b80000 - 0x00007ffe94ba2000 	C:\Windows\System32\win32u.dll
0x00007ffe955c0000 - 0x00007ffe955eb000 	C:\Windows\System32\GDI32.dll
0x00007ffe945a0000 - 0x00007ffe946af000 	C:\Windows\System32\gdi32full.dll
0x00007ffe94500000 - 0x00007ffe9459d000 	C:\Windows\System32\msvcp_win.dll
0x00007ffe8c5a0000 - 0x00007ffe8c5aa000 	C:\Windows\SYSTEM32\VERSION.dll
0x00007ffe72bd0000 - 0x00007ffe72e6a000 	C:\Windows\WinSxS\amd64_microsoft.windows.common-controls_6595b64144ccf1df_6.0.19041.1110_none_60b5254171f9507e\COMCTL32.dll
0x00007ffe96a20000 - 0x00007ffe96a50000 	C:\Windows\System32\IMM32.DLL
0x00007ffe8ea10000 - 0x00007ffe8ea1c000 	C:\Program Files\Java\jdk-18.0.2.1\bin\vcruntime140_1.dll
0x00007ffe6c0c0000 - 0x00007ffe6c14d000 	C:\Program Files\Java\jdk-18.0.2.1\bin\msvcp140.dll
0x00007ffdfeb90000 - 0x00007ffdff7a1000 	C:\Program Files\Java\jdk-18.0.2.1\bin\server\jvm.dll
0x00007ffe95790000 - 0x00007ffe95798000 	C:\Windows\System32\PSAPI.DLL
0x00007ffe8d8e0000 - 0x00007ffe8d907000 	C:\Windows\SYSTEM32\WINMM.dll
0x00007ffe8ea80000 - 0x00007ffe8ea89000 	C:\Windows\SYSTEM32\WSOCK32.dll
0x00007ffe96320000 - 0x00007ffe9638b000 	C:\Windows\System32\WS2_32.dll
0x00007ffe92d50000 - 0x00007ffe92d62000 	C:\Windows\SYSTEM32\kernel.appcore.dll
0x00007ffe8e130000 - 0x00007ffe8e13a000 	C:\Program Files\Java\jdk-18.0.2.1\bin\jimage.dll
0x00007ffe92280000 - 0x00007ffe92464000 	C:\Windows\SYSTEM32\DBGHELP.DLL
0x00007ffe8d830000 - 0x00007ffe8d85c000 	C:\Windows\SYSTEM32\dbgcore.DLL
0x00007ffe94dc0000 - 0x00007ffe94e42000 	C:\Windows\System32\bcryptPrimitives.dll
0x00007ffe7fde0000 - 0x00007ffe7fe05000 	C:\Program Files\Java\jdk-18.0.2.1\bin\java.dll

dbghelp: loaded successfully - version: 4.0.5 - missing functions: none
symbol engine: initialized successfully - sym options: 0x614 - pdb path: .;C:\Program Files\Java\jdk-18.0.2.1\bin;C:\Windows\SYSTEM32;C:\Windows\WinSxS\amd64_microsoft.windows.common-controls_6595b64144ccf1df_6.0.19041.1110_none_60b5254171f9507e;C:\Program Files\Java\jdk-18.0.2.1\bin\server

VM Arguments:
jvm_args: -Dfile.encoding=UTF-8 --module-path=C:\Users\yashh\OneDrive\Desktop\ATM2\build\classes 
java_command: atm2.Login
java_class_path (initial): C:\Users\yashh\OneDrive\Desktop\jcalendar-tz-1.3.3-4 (1).jar;C:\Users\yashh\OneDrive\Desktop\mysql-connector-java-8.0.28.jar;C:\Users\yashh\OneDrive\Desktop\ATM2\build\classes
Launcher Type: SUN_STANDARD

[Global flags]
     intx CICompilerCount                          = 4                                         {product} {ergonomic}
     uint ConcGCThreads                            = 2                                         {product} {ergonomic}
     uint G1ConcRefinementThreads                  = 8                                         {product} {ergonomic}
   size_t G1HeapRegionSize                         = 2097152                                   {product} {ergonomic}
    uintx GCDrainStackTargetSize                   = 64                                        {product} {ergonomic}
   size_t InitialHeapSize                          = 264241152                                 {product} {ergonomic}
   size_t MarkStackSize                            = 4194304                                   {product} {ergonomic}
   size_t MaxHeapSize                              = 4227858432                                {product} {ergonomic}
   size_t MinHeapDeltaBytes                        = 2097152                                   {product} {ergonomic}
   size_t MinHeapSize                              = 8388608                                   {product} {ergonomic}
    uintx NonNMethodCodeHeapSize                   = 5839372                                {pd product} {ergonomic}
    uintx NonProfiledCodeHeapSize                  = 122909434                              {pd product} {ergonomic}
    uintx ProfiledCodeHeapSize                     = 122909434                              {pd product} {ergonomic}
    uintx ReservedCodeCacheSize                    = 251658240                              {pd product} {ergonomic}
     bool SegmentedCodeCache                       = true                                      {product} {ergonomic}
   size_t SoftMaxHeapSize                          = 4227858432                             {manageable} {ergonomic}
     bool UseCompressedClassPointers               = true                           {product lp64_product} {ergonomic}
     bool UseCompressedOops                        = true                           {product lp64_product} {ergonomic}
     bool UseG1GC                                  = true                                      {product} {ergonomic}
     bool UseLargePagesIndividualAllocation        = false                                  {pd product} {ergonomic}

Logging:
Log output configuration:
 #0: stdout all=warning uptime,level,tags foldmultilines=false
 #1: stderr all=off uptime,level,tags foldmultilines=false

Environment Variables:
JAVA_HOME=C:\Program Files\Java\jdk-18.0.2.1
PATH=C:\Program Files\Common Files\Oracle\Java\javapath;C:\ProgramData\Oracle\Java\javapath;C:\Windows\system32;C:\Windows;C:\Windows\System32\Wbem;C:\Windows\System32\WindowsPowerShell\v1.0\;C:\Windows\System32\OpenSSH\;C:\Program Files (x86)\NVIDIA Corporation\PhysX\Common;C:\Program Files\dotnet\;C:\Program Files\Java\jdk-18.0.2.1\bin;C:\Program Files\MySQL\MySQL Shell 8.0\bin\;C:\Users\yashh\AppData\Local\Microsoft\WindowsApps;C:\Users\yashh\AppData\Local\Programs\Microsoft VS Code\bin;C:\Users\yashh\AppData\Local\atom\bin;C:\Program Files\MongoDB\Server\6.0\bin;C:\mongosh-1.6.0-win32-x64\bin;C:\Program Files\MySQL\MySQL Server 8.0\bin;C:\Users\yashh\OneDrive\Desktop\JAVA LIB;
USERNAME=yashh
OS=Windows_NT
PROCESSOR_IDENTIFIER=Intel64 Family 6 Model 140 Stepping 1, GenuineIntel



---------------  S Y S T E M  ---------------

OS:
 Windows 10 , 64 bit Build 19041 (10.0.19041.1889)
OS uptime: 2 days 22:24 hours

CPU: total 8 (initial active 8) (4 cores per cpu, 2 threads per core) family 6 model 140 stepping 1 microcode 0xa4, cx8, cmov, fxsr, ht, mmx, 3dnowpref, sse, sse2, sse3, ssse3, sse4.1, sse4.2, popcnt, lzcnt, tsc, tscinvbit, avx, avx2, aes, erms, clmul, bmi1, bmi2, adx, avx512f, avx512dq, avx512cd, avx512bw, avx512vl, sha, fma, vzeroupper, avx512_vpopcntdq, avx512_vpclmulqdq, avx512_vaes, avx512_vnni, clflush, clflushopt, clwb, avx512_vbmi2, avx512_vbmi

Memory: 4k page, system-wide physical 16122M (4216M free)
TotalPageFile size 39535M (AvailPageFile size 123M)
current process WorkingSet (physical memory assigned to process): 10M, peak: 10M
current process commit charge ("private bytes"): 60M, peak: 312M

vm_info: Java HotSpot(TM) 64-Bit Server VM (18.0.2.1+1-1) for windows-amd64 JRE (18.0.2.1+1-1), built on Aug 16 2022 01:46:33 by "mach5one" with MS VC++ 16.8 / 16.9 (VS2019)

END.
